{
  "body": {
    "table_id": "41",
    "game_id": 24,
    "duration_minutes": 1,
    "customer_name": "Walk-in Customer",
    "booking_type": "timer",
    "frame_count": null,
    "cart": [],
    "food_orders": []
  },
  "tableId": "41",
  "checkingAgainst": []
}

{
  "body": {
    "table_id": "41",
    "game_id": 24,
    "duration_minutes": 1,
    "customer_name": "Walk-in Customer",
    "booking_type": "timer",
    "frame_count": null,
    "cart": [],
    "food_orders": []
  },
  "tableId": "41",
  "checkingAgainst": []
}

{
  "body": {
    "table_id": "41",
    "game_id": 24,
    "duration_minutes": 1,
    "customer_name": "Walk-in Customer",
    "booking_type": "timer",
    "frame_count": null,
    "cart": [],
    "food_orders": []
  },
  "tableId": "41",
  "checkingAgainst": []
}

{
  "body": {
    "table_id": "37",
    "game_id": 26,
    "duration_minutes": 1,
    "customer_name": "Walk-in Customer",
    "booking_type": "timer",
    "frame_count": null,
    "cart": [
      {
        "menu_item_id": 43,
        "quantity": 1
      }
    ],
    "food_orders": [
      {
        "id": 43,
        "stationid": 50,
        "name": "periperi fries",
        "category": "burger and fries",
        "description": null,
        "price": 100,
        "stock": 0,
        "threshold": 5,
        "supplierPhone": null,
        "imageUrl": "",
        "createdAt": "2026-02-15T11:35:39.670239+00:00",
        "updatedAt": "2026-02-15T11:35:39.670239+00:00",
        "unit": "piece",
        "isavailable": true,
        "is_available": true,
        "purchasePrice": 0,
        "item_type": "prepared",
        "qty": 1
      }
    ]
  },
  "tableId": "37",
  "checkingAgainst": []
}

{
  "body": {
    "table_id": "41",
    "game_id": 24,
    "duration_minutes": 1,
    "customer_name": "Walk-in Customer",
    "booking_type": "timer",
    "frame_count": null,
    "cart": [
      {
        "menu_item_id": 43,
        "quantity": 1
      },
      {
        "menu_item_id": 44,
        "quantity": 1
      },
      {
        "menu_item_id": 49,
        "quantity": 1
      }
    ],
    "food_orders": [
      {
        "id": 43,
        "stationid": 50,
        "name": "periperi fries",
        "category": "burger and fries",
        "description": null,
        "price": 100,
        "stock": 0,
        "threshold": 5,
        "supplierPhone": null,
        "imageUrl": "",
        "createdAt": "2026-02-15T11:35:39.670239+00:00",
        "updatedAt": "2026-02-15T11:35:39.670239+00:00",
        "unit": "piece",
        "isavailable": true,
        "is_available": true,
        "purchasePrice": 0,
        "item_type": "prepared",
        "qty": 1
      },
      {
        "id": 44,
        "stationid": 50,
        "name": "veg burger",
        "category": "burger and fries",
        "description": null,
        "price": 70,
        "stock": 0,
        "threshold": 5,
        "supplierPhone": null,
        "imageUrl": "",
        "createdAt": "2026-02-15T11:35:55.791637+00:00",
        "updatedAt": "2026-02-15T11:35:55.791637+00:00",
        "unit": "piece",
        "isavailable": true,
        "is_available": true,
        "purchasePrice": 0,
        "item_type": "prepared",
        "qty": 1
      },
      {
        "id": 49,
        "stationid": 50,
        "name": "paneer chilly",
        "category": "chinese",
        "description": null,
        "price": 170,
        "stock": 0,
        "threshold": 5,
        "supplierPhone": null,
        "imageUrl": "",
        "createdAt": "2026-02-15T11:40:37.017274+00:00",
        "updatedAt": "2026-02-15T11:40:37.017274+00:00",
        "unit": "piece",
        "isavailable": true,
        "is_available": true,
        "purchasePrice": 0,
        "item_type": "prepared",
        "qty": 1
      }
    ]
  },
  "tableId": "41",
  "checkingAgainst": []
}

{
  "body": {
    "table_id": "45",
    "game_id": 32,
    "duration_minutes": 3,
    "customer_name": "Walk-in Customer",
    "booking_type": "timer",
    "frame_count": null,
    "cart": [],
    "food_orders": []
  },
  "tableId": "45",
  "checkingAgainst": []
}

{
  "body": {
    "table_id": 50,
    "game_id": 35,
    "user_id": null,
    "duration_minutes": 30,
    "booking_type": "set_time",
    "frame_count": null,
    "customer_name": "Walk-in Customer"
  },
  "tableId": 50,
  "checkingAgainst": []
}

{
  "body": {
    "table_id": 50,
    "game_id": 35,
    "user_id": null,
    "duration_minutes": 1,
    "booking_type": "set_time",
    "frame_count": null,
    "customer_name": "Walk-in Customer"
  },
  "tableId": 50,
  "checkingAgainst": []
}

{
  "body": {
    "table_id": 49,
    "game_id": 35,
    "user_id": null,
    "duration_minutes": null,
    "booking_type": "timer",
    "frame_count": null,
    "customer_name": "KIR"
  },
  "tableId": 49,
  "checkingAgainst": []
}

{
  "body": {
    "table_id": "50",
    "game_id": 35,
    "duration_minutes": 30,
    "customer_name": "Walk-in Customer",
    "booking_type": "timer",
    "frame_count": null,
    "cart": [],
    "food_orders": []
  },
  "tableId": "50",
  "checkingAgainst": []
}

